<?xml version="1.0" encoding="UTF-8"?>
<!-- Generated by org.testng.reporters.JUnitReportReporter -->
<testsuite hostname="DESKTOP-5GI3OCP" failures="0" tests="2" name="test.Testing2" time="0.004" errors="0" timestamp="10 Dec. 2020 20:11:18 GMT" skipped="0">
  <testcase classname="test.Testing2" name="test4" time="0.002"/>
  <testcase classname="test.Testing2" name="test5" time="0.002"/>
</testsuite> <!-- test.Testing2 -->
