<?xml version="1.0" encoding="UTF-8"?>
<!-- Generated by org.testng.reporters.JUnitReportReporter -->
<testsuite hostname="DESKTOP-5GI3OCP" failures="0" tests="5" name="test.Testing1" time="0.009" errors="0" timestamp="10 Dec. 2020 22:28:04 GMT" skipped="0">
  <testcase classname="test.Testing1" name="f" time="0.005"/>
  <testcase classname="test.Testing1" name="test2" time="0.000"/>
  <testcase classname="test.Testing1" name="test3" time="0.000"/>
  <testcase classname="test.Testing1" name="test1" time="0.002"/>
  <testcase classname="test.Testing1" name="f" time="0.002"/>
</testsuite> <!-- test.Testing1 -->
